<?xml version="1.0" encoding="UTF-8"?>
<testsuite name="com.executionstudio.playback.state.ExecutionStateBuilderTest" tests="1" skipped="0" failures="0" errors="0" timestamp="2026-07-22T05:10:04" hostname="LAPTOP-PMM388HE" time="0.063">
  <properties/>
  <testcase name="shouldReconstructExecutionStateFieldsCorrectly()" classname="com.executionstudio.playback.state.ExecutionStateBuilderTest" time="0.063"/>
  <system-out><![CDATA[]]></system-out>
  <system-err><![CDATA[]]></system-err>
</testsuite>
